Analysis & Synthesis report for part2
Mon Jan 27 17:56:28 2020
Quartus Prime Version 18.1.0 Build 625 09/12/2018 SJ Lite Edition


---------------------
; Table of Contents ;
---------------------
  1. Legal Notice
  2. Analysis & Synthesis Summary
  3. Analysis & Synthesis Settings
  4. Parallel Compilation
  5. Analysis & Synthesis Source Files Read
  6. Analysis & Synthesis Resource Usage Summary
  7. Analysis & Synthesis Resource Utilization by Entity
  8. Analysis & Synthesis RAM Summary
  9. Analysis & Synthesis IP Cores Summary
 10. State Machine - |part2|proc:U1|Tstep_Q
 11. Registers Removed During Synthesis
 12. General Register Statistics
 13. Source assignments for inst_mem:U2|altsyncram:altsyncram_component|altsyncram_lbg1:auto_generated
 14. Parameter Settings for User Entity Instance: proc:U1
 15. Parameter Settings for User Entity Instance: proc:U1|regn:reg_0
 16. Parameter Settings for User Entity Instance: proc:U1|regn:reg_1
 17. Parameter Settings for User Entity Instance: proc:U1|regn:reg_2
 18. Parameter Settings for User Entity Instance: proc:U1|regn:reg_3
 19. Parameter Settings for User Entity Instance: proc:U1|regn:reg_4
 20. Parameter Settings for User Entity Instance: proc:U1|regn:reg_5
 21. Parameter Settings for User Entity Instance: proc:U1|regn:reg_6
 22. Parameter Settings for User Entity Instance: proc:U1|regn:reg_7
 23. Parameter Settings for User Entity Instance: proc:U1|regn:reg_A
 24. Parameter Settings for User Entity Instance: proc:U1|regn:reg_IR
 25. Parameter Settings for User Entity Instance: proc:U1|regn:reg_G
 26. Parameter Settings for User Entity Instance: inst_mem:U2|altsyncram:altsyncram_component
 27. altsyncram Parameter Settings by Entity Instance
 28. Post-Synthesis Netlist Statistics for Top Partition
 29. Elapsed Time Per Partition
 30. Analysis & Synthesis Messages



----------------
; Legal Notice ;
----------------
Copyright (C) 2018  Intel Corporation. All rights reserved.
Your use of Intel Corporation's design tools, logic functions 
and other software and tools, and its AMPP partner logic 
functions, and any output files from any of the foregoing 
(including device programming or simulation files), and any 
associated documentation or information are expressly subject 
to the terms and conditions of the Intel Program License 
Subscription Agreement, the Intel Quartus Prime License Agreement,
the Intel FPGA IP License Agreement, or other applicable license
agreement, including, without limitation, that your use is for
the sole purpose of programming logic devices manufactured by
Intel and sold by Intel or its authorized distributors.  Please
refer to the applicable agreement for further details.



+-------------------------------------------------------------------------------+
; Analysis & Synthesis Summary                                                  ;
+---------------------------------+---------------------------------------------+
; Analysis & Synthesis Status     ; Successful - Mon Jan 27 17:56:28 2020       ;
; Quartus Prime Version           ; 18.1.0 Build 625 09/12/2018 SJ Lite Edition ;
; Revision Name                   ; part2                                       ;
; Top-level Entity Name           ; part2                                       ;
; Family                          ; Cyclone V                                   ;
; Logic utilization (in ALMs)     ; N/A                                         ;
; Total registers                 ; 11                                          ;
; Total pins                      ; 22                                          ;
; Total virtual pins              ; 0                                           ;
; Total block memory bits         ; 64                                          ;
; Total DSP Blocks                ; 0                                           ;
; Total HSSI RX PCSs              ; 0                                           ;
; Total HSSI PMA RX Deserializers ; 0                                           ;
; Total HSSI TX PCSs              ; 0                                           ;
; Total HSSI PMA TX Serializers   ; 0                                           ;
; Total PLLs                      ; 0                                           ;
; Total DLLs                      ; 0                                           ;
+---------------------------------+---------------------------------------------+


+---------------------------------------------------------------------------------------------------------------------------+
; Analysis & Synthesis Settings                                                                                             ;
+---------------------------------------------------------------------------------+--------------------+--------------------+
; Option                                                                          ; Setting            ; Default Value      ;
+---------------------------------------------------------------------------------+--------------------+--------------------+
; Device                                                                          ; 5CSEMA5F31C6       ;                    ;
; Top-level entity name                                                           ; part2              ; part2              ;
; Family name                                                                     ; Cyclone V          ; Cyclone V          ;
; Use smart compilation                                                           ; Off                ; Off                ;
; Enable parallel Assembler and Timing Analyzer during compilation                ; On                 ; On                 ;
; Enable compact report table                                                     ; Off                ; Off                ;
; Restructure Multiplexers                                                        ; Auto               ; Auto               ;
; MLAB Add Timing Constraints For Mixed-Port Feed-Through Mode Setting Don't Care ; Off                ; Off                ;
; Create Debugging Nodes for IP Cores                                             ; Off                ; Off                ;
; Preserve fewer node names                                                       ; On                 ; On                 ;
; Intel FPGA IP Evaluation Mode                                                   ; Enable             ; Enable             ;
; Verilog Version                                                                 ; Verilog_2001       ; Verilog_2001       ;
; VHDL Version                                                                    ; VHDL_1993          ; VHDL_1993          ;
; State Machine Processing                                                        ; Auto               ; Auto               ;
; Safe State Machine                                                              ; Off                ; Off                ;
; Extract Verilog State Machines                                                  ; On                 ; On                 ;
; Extract VHDL State Machines                                                     ; On                 ; On                 ;
; Ignore Verilog initial constructs                                               ; Off                ; Off                ;
; Iteration limit for constant Verilog loops                                      ; 5000               ; 5000               ;
; Iteration limit for non-constant Verilog loops                                  ; 250                ; 250                ;
; Add Pass-Through Logic to Inferred RAMs                                         ; On                 ; On                 ;
; Infer RAMs from Raw Logic                                                       ; On                 ; On                 ;
; Parallel Synthesis                                                              ; On                 ; On                 ;
; DSP Block Balancing                                                             ; Auto               ; Auto               ;
; NOT Gate Push-Back                                                              ; On                 ; On                 ;
; Power-Up Don't Care                                                             ; On                 ; On                 ;
; Remove Redundant Logic Cells                                                    ; Off                ; Off                ;
; Remove Duplicate Registers                                                      ; On                 ; On                 ;
; Ignore CARRY Buffers                                                            ; Off                ; Off                ;
; Ignore CASCADE Buffers                                                          ; Off                ; Off                ;
; Ignore GLOBAL Buffers                                                           ; Off                ; Off                ;
; Ignore ROW GLOBAL Buffers                                                       ; Off                ; Off                ;
; Ignore LCELL Buffers                                                            ; Off                ; Off                ;
; Ignore SOFT Buffers                                                             ; On                 ; On                 ;
; Limit AHDL Integers to 32 Bits                                                  ; Off                ; Off                ;
; Optimization Technique                                                          ; Balanced           ; Balanced           ;
; Carry Chain Length                                                              ; 70                 ; 70                 ;
; Auto Carry Chains                                                               ; On                 ; On                 ;
; Auto Open-Drain Pins                                                            ; On                 ; On                 ;
; Perform WYSIWYG Primitive Resynthesis                                           ; Off                ; Off                ;
; Auto ROM Replacement                                                            ; On                 ; On                 ;
; Auto RAM Replacement                                                            ; On                 ; On                 ;
; Auto DSP Block Replacement                                                      ; On                 ; On                 ;
; Auto Shift Register Replacement                                                 ; Auto               ; Auto               ;
; Allow Shift Register Merging across Hierarchies                                 ; Auto               ; Auto               ;
; Auto Clock Enable Replacement                                                   ; On                 ; On                 ;
; Strict RAM Replacement                                                          ; Off                ; Off                ;
; Allow Synchronous Control Signals                                               ; On                 ; On                 ;
; Force Use of Synchronous Clear Signals                                          ; Off                ; Off                ;
; Auto Resource Sharing                                                           ; Off                ; Off                ;
; Allow Any RAM Size For Recognition                                              ; Off                ; Off                ;
; Allow Any ROM Size For Recognition                                              ; Off                ; Off                ;
; Allow Any Shift Register Size For Recognition                                   ; Off                ; Off                ;
; Use LogicLock Constraints during Resource Balancing                             ; On                 ; On                 ;
; Ignore translate_off and synthesis_off directives                               ; Off                ; Off                ;
; Timing-Driven Synthesis                                                         ; On                 ; On                 ;
; Report Parameter Settings                                                       ; On                 ; On                 ;
; Report Source Assignments                                                       ; On                 ; On                 ;
; Report Connectivity Checks                                                      ; On                 ; On                 ;
; Ignore Maximum Fan-Out Assignments                                              ; Off                ; Off                ;
; Synchronization Register Chain Length                                           ; 3                  ; 3                  ;
; Power Optimization During Synthesis                                             ; Normal compilation ; Normal compilation ;
; HDL message level                                                               ; Level2             ; Level2             ;
; Suppress Register Optimization Related Messages                                 ; Off                ; Off                ;
; Number of Removed Registers Reported in Synthesis Report                        ; 5000               ; 5000               ;
; Number of Swept Nodes Reported in Synthesis Report                              ; 5000               ; 5000               ;
; Number of Inverted Registers Reported in Synthesis Report                       ; 100                ; 100                ;
; Clock MUX Protection                                                            ; On                 ; On                 ;
; Auto Gated Clock Conversion                                                     ; Off                ; Off                ;
; Block Design Naming                                                             ; Auto               ; Auto               ;
; SDC constraint protection                                                       ; Off                ; Off                ;
; Synthesis Effort                                                                ; Auto               ; Auto               ;
; Shift Register Replacement - Allow Asynchronous Clear Signal                    ; On                 ; On                 ;
; Pre-Mapping Resynthesis Optimization                                            ; Off                ; Off                ;
; Analysis & Synthesis Message Level                                              ; Medium             ; Medium             ;
; Disable Register Merging Across Hierarchies                                     ; Auto               ; Auto               ;
; Resource Aware Inference For Block RAM                                          ; On                 ; On                 ;
; Automatic Parallel Synthesis                                                    ; On                 ; On                 ;
; Partial Reconfiguration Bitstream ID                                            ; Off                ; Off                ;
+---------------------------------------------------------------------------------+--------------------+--------------------+


+------------------------------------------+
; Parallel Compilation                     ;
+----------------------------+-------------+
; Processors                 ; Number      ;
+----------------------------+-------------+
; Number detected on machine ; 12          ;
; Maximum allowed            ; 6           ;
;                            ;             ;
; Average used               ; 1.00        ;
; Maximum used               ; 6           ;
;                            ;             ;
; Usage by Processor         ; % Time Used ;
;     Processor 1            ; 100.0%      ;
;     Processors 2-6         ;   0.0%      ;
+----------------------------+-------------+


+--------------------------------------------------------------------------------------------------------------------------------------------------------------------------------+
; Analysis & Synthesis Source Files Read                                                                                                                                         ;
+----------------------------------+-----------------+----------------------------------+------------------------------------------------------------------------------+---------+
; File Name with User-Entered Path ; Used in Netlist ; File Type                        ; File Name with Absolute Path                                                 ; Library ;
+----------------------------------+-----------------+----------------------------------+------------------------------------------------------------------------------+---------+
; inst_mem.mif                     ; yes             ; User Memory Initialization File  ; E:/Projects/ECE243/Lab1/part2.Verilog/inst_mem.mif                           ;         ;
; proc.v                           ; yes             ; User Verilog HDL File            ; E:/Projects/ECE243/Lab1/part2.Verilog/proc.v                                 ;         ;
; part2.v                          ; yes             ; User Verilog HDL File            ; E:/Projects/ECE243/Lab1/part2.Verilog/part2.v                                ;         ;
; inst_mem.v                       ; yes             ; User Wizard-Generated File       ; E:/Projects/ECE243/Lab1/part2.Verilog/inst_mem.v                             ;         ;
; altsyncram.tdf                   ; yes             ; Megafunction                     ; d:/intelfpga_lite/18.1/quartus/libraries/megafunctions/altsyncram.tdf        ;         ;
; stratix_ram_block.inc            ; yes             ; Megafunction                     ; d:/intelfpga_lite/18.1/quartus/libraries/megafunctions/stratix_ram_block.inc ;         ;
; lpm_mux.inc                      ; yes             ; Megafunction                     ; d:/intelfpga_lite/18.1/quartus/libraries/megafunctions/lpm_mux.inc           ;         ;
; lpm_decode.inc                   ; yes             ; Megafunction                     ; d:/intelfpga_lite/18.1/quartus/libraries/megafunctions/lpm_decode.inc        ;         ;
; aglobal181.inc                   ; yes             ; Megafunction                     ; d:/intelfpga_lite/18.1/quartus/libraries/megafunctions/aglobal181.inc        ;         ;
; a_rdenreg.inc                    ; yes             ; Megafunction                     ; d:/intelfpga_lite/18.1/quartus/libraries/megafunctions/a_rdenreg.inc         ;         ;
; altrom.inc                       ; yes             ; Megafunction                     ; d:/intelfpga_lite/18.1/quartus/libraries/megafunctions/altrom.inc            ;         ;
; altram.inc                       ; yes             ; Megafunction                     ; d:/intelfpga_lite/18.1/quartus/libraries/megafunctions/altram.inc            ;         ;
; altdpram.inc                     ; yes             ; Megafunction                     ; d:/intelfpga_lite/18.1/quartus/libraries/megafunctions/altdpram.inc          ;         ;
; db/altsyncram_lbg1.tdf           ; yes             ; Auto-Generated Megafunction      ; E:/Projects/ECE243/Lab1/part2.Verilog/db/altsyncram_lbg1.tdf                 ;         ;
+----------------------------------+-----------------+----------------------------------+------------------------------------------------------------------------------+---------+


+-----------------------------------------------------------+
; Analysis & Synthesis Resource Usage Summary               ;
+---------------------------------------------+-------------+
; Resource                                    ; Usage       ;
+---------------------------------------------+-------------+
; Estimate of Logic utilization (ALMs needed) ; 6           ;
;                                             ;             ;
; Combinational ALUT usage for logic          ; 10          ;
;     -- 7 input functions                    ; 0           ;
;     -- 6 input functions                    ; 1           ;
;     -- 5 input functions                    ; 2           ;
;     -- 4 input functions                    ; 2           ;
;     -- <=3 input functions                  ; 5           ;
;                                             ;             ;
; Dedicated logic registers                   ; 11          ;
;                                             ;             ;
; I/O pins                                    ; 22          ;
; Total MLAB memory bits                      ; 0           ;
; Total block memory bits                     ; 64          ;
;                                             ;             ;
; Total DSP Blocks                            ; 0           ;
;                                             ;             ;
; Maximum fan-out node                        ; SW[0]~input ;
; Maximum fan-out                             ; 9           ;
; Total fan-out                               ; 100         ;
; Average fan-out                             ; 1.49        ;
+---------------------------------------------+-------------+


+-------------------------------------------------------------------------------------------------------------------------------------------------------------------------------------------------------------------------------------------------------------------------+
; Analysis & Synthesis Resource Utilization by Entity                                                                                                                                                                                                                     ;
+-------------------------------------------+---------------------+---------------------------+-------------------+------------+------+--------------+-----------------------------------------------------------------------------------+-----------------+--------------+
; Compilation Hierarchy Node                ; Combinational ALUTs ; Dedicated Logic Registers ; Block Memory Bits ; DSP Blocks ; Pins ; Virtual Pins ; Full Hierarchy Name                                                               ; Entity Name     ; Library Name ;
+-------------------------------------------+---------------------+---------------------------+-------------------+------------+------+--------------+-----------------------------------------------------------------------------------+-----------------+--------------+
; |part2                                    ; 10 (0)              ; 11 (0)                    ; 64                ; 0          ; 22   ; 0            ; |part2                                                                            ; part2           ; work         ;
;    |count5:U3|                            ; 5 (5)               ; 5 (5)                     ; 0                 ; 0          ; 0    ; 0            ; |part2|count5:U3                                                                  ; count5          ; work         ;
;    |inst_mem:U2|                          ; 0 (0)               ; 0 (0)                     ; 64                ; 0          ; 0    ; 0            ; |part2|inst_mem:U2                                                                ; inst_mem        ; work         ;
;       |altsyncram:altsyncram_component|   ; 0 (0)               ; 0 (0)                     ; 64                ; 0          ; 0    ; 0            ; |part2|inst_mem:U2|altsyncram:altsyncram_component                                ; altsyncram      ; work         ;
;          |altsyncram_lbg1:auto_generated| ; 0 (0)               ; 0 (0)                     ; 64                ; 0          ; 0    ; 0            ; |part2|inst_mem:U2|altsyncram:altsyncram_component|altsyncram_lbg1:auto_generated ; altsyncram_lbg1 ; work         ;
;    |proc:U1|                              ; 5 (5)               ; 6 (4)                     ; 0                 ; 0          ; 0    ; 0            ; |part2|proc:U1                                                                    ; proc            ; work         ;
;       |regn:reg_IR|                       ; 0 (0)               ; 2 (2)                     ; 0                 ; 0          ; 0    ; 0            ; |part2|proc:U1|regn:reg_IR                                                        ; regn            ; work         ;
+-------------------------------------------+---------------------+---------------------------+-------------------+------------+------+--------------+-----------------------------------------------------------------------------------+-----------------+--------------+
Note: For table entries with two numbers listed, the numbers in parentheses indicate the number of resources of the given type used by the specific entity alone. The numbers listed outside of parentheses indicate the total resources of the given type used by the specific entity and all of its sub-entities in the hierarchy.


+---------------------------------------------------------------------------------------------------------------------------------------------------------------------------------------+
; Analysis & Synthesis RAM Summary                                                                                                                                                      ;
+---------------------------------------------------------------------------------------+------+------+--------------+--------------+--------------+--------------+------+--------------+
; Name                                                                                  ; Type ; Mode ; Port A Depth ; Port A Width ; Port B Depth ; Port B Width ; Size ; MIF          ;
+---------------------------------------------------------------------------------------+------+------+--------------+--------------+--------------+--------------+------+--------------+
; inst_mem:U2|altsyncram:altsyncram_component|altsyncram_lbg1:auto_generated|ALTSYNCRAM ; AUTO ; ROM  ; 32           ; 16           ; --           ; --           ; 512  ; inst_mem.mif ;
+---------------------------------------------------------------------------------------+------+------+--------------+--------------+--------------+--------------+------+--------------+


+------------------------------------------------------------------------------------------------------+
; Analysis & Synthesis IP Cores Summary                                                                ;
+--------+--------------+---------+--------------+--------------+--------------------+-----------------+
; Vendor ; IP Core Name ; Version ; Release Date ; License Type ; Entity Instance    ; IP Include File ;
+--------+--------------+---------+--------------+--------------+--------------------+-----------------+
; Altera ; ROM: 1-PORT  ; 18.1    ; N/A          ; N/A          ; |part2|inst_mem:U2 ; inst_mem.v      ;
+--------+--------------+---------+--------------+--------------+--------------------+-----------------+


Encoding Type:  One-Hot
+----------------------------------------------------------------+
; State Machine - |part2|proc:U1|Tstep_Q                         ;
+------------+------------+------------+------------+------------+
; Name       ; Tstep_Q.T3 ; Tstep_Q.T2 ; Tstep_Q.T1 ; Tstep_Q.T0 ;
+------------+------------+------------+------------+------------+
; Tstep_Q.T0 ; 0          ; 0          ; 0          ; 0          ;
; Tstep_Q.T1 ; 0          ; 0          ; 1          ; 1          ;
; Tstep_Q.T2 ; 0          ; 1          ; 0          ; 1          ;
; Tstep_Q.T3 ; 1          ; 0          ; 0          ; 1          ;
+------------+------------+------------+------------+------------+


+------------------------------------------------------------+
; Registers Removed During Synthesis                         ;
+---------------------------------------+--------------------+
; Register name                         ; Reason for Removal ;
+---------------------------------------+--------------------+
; proc:U1|regn:reg_IR|Q[13]             ; Lost fanout        ;
; proc:U1|Tstep_Q~2                     ; Lost fanout        ;
; proc:U1|Tstep_Q~3                     ; Lost fanout        ;
; proc:U1|Tstep_Q~4                     ; Lost fanout        ;
; Total Number of Removed Registers = 4 ;                    ;
+---------------------------------------+--------------------+


+------------------------------------------------------+
; General Register Statistics                          ;
+----------------------------------------------+-------+
; Statistic                                    ; Value ;
+----------------------------------------------+-------+
; Total registers                              ; 11    ;
; Number of registers using Synchronous Clear  ; 0     ;
; Number of registers using Synchronous Load   ; 0     ;
; Number of registers using Asynchronous Clear ; 5     ;
; Number of registers using Asynchronous Load  ; 0     ;
; Number of registers using Clock Enable       ; 2     ;
; Number of registers using Preset             ; 0     ;
+----------------------------------------------+-------+


+---------------------------------------------------------------------------------------------------+
; Source assignments for inst_mem:U2|altsyncram:altsyncram_component|altsyncram_lbg1:auto_generated ;
+---------------------------------+--------------------+------+-------------------------------------+
; Assignment                      ; Value              ; From ; To                                  ;
+---------------------------------+--------------------+------+-------------------------------------+
; OPTIMIZE_POWER_DURING_SYNTHESIS ; NORMAL_COMPILATION ; -    ; -                                   ;
+---------------------------------+--------------------+------+-------------------------------------+


+------------------------------------------------------+
; Parameter Settings for User Entity Instance: proc:U1 ;
+----------------+-------+-----------------------------+
; Parameter Name ; Value ; Type                        ;
+----------------+-------+-----------------------------+
; T0             ; 000   ; Unsigned Binary             ;
; T1             ; 001   ; Unsigned Binary             ;
; T2             ; 010   ; Unsigned Binary             ;
; T3             ; 011   ; Unsigned Binary             ;
; mv             ; 000   ; Unsigned Binary             ;
; mvt            ; 001   ; Unsigned Binary             ;
; add            ; 010   ; Unsigned Binary             ;
; sub            ; 011   ; Unsigned Binary             ;
; Sel_R0         ; 0000  ; Unsigned Binary             ;
; Sel_R1         ; 0001  ; Unsigned Binary             ;
; Sel_R2         ; 0010  ; Unsigned Binary             ;
; Sel_R3         ; 0011  ; Unsigned Binary             ;
; Sel_R4         ; 0100  ; Unsigned Binary             ;
; Sel_R5         ; 0101  ; Unsigned Binary             ;
; Sel_R6         ; 0110  ; Unsigned Binary             ;
; Sel_R7         ; 0111  ; Unsigned Binary             ;
; Sel_G          ; 1000  ; Unsigned Binary             ;
; Sel_D          ; 1001  ; Unsigned Binary             ;
; Sel_D8         ; 1010  ; Unsigned Binary             ;
+----------------+-------+-----------------------------+
Note: In order to hide this table in the UI and the text report file, please set the "Show Parameter Settings in Synthesis Report" option in "Analysis and Synthesis Settings -> More Settings" to "Off".


+-----------------------------------------------------------------+
; Parameter Settings for User Entity Instance: proc:U1|regn:reg_0 ;
+----------------+-------+----------------------------------------+
; Parameter Name ; Value ; Type                                   ;
+----------------+-------+----------------------------------------+
; n              ; 16    ; Signed Integer                         ;
+----------------+-------+----------------------------------------+
Note: In order to hide this table in the UI and the text report file, please set the "Show Parameter Settings in Synthesis Report" option in "Analysis and Synthesis Settings -> More Settings" to "Off".


+-----------------------------------------------------------------+
; Parameter Settings for User Entity Instance: proc:U1|regn:reg_1 ;
+----------------+-------+----------------------------------------+
; Parameter Name ; Value ; Type                                   ;
+----------------+-------+----------------------------------------+
; n              ; 16    ; Signed Integer                         ;
+----------------+-------+----------------------------------------+
Note: In order to hide this table in the UI and the text report file, please set the "Show Parameter Settings in Synthesis Report" option in "Analysis and Synthesis Settings -> More Settings" to "Off".


+-----------------------------------------------------------------+
; Parameter Settings for User Entity Instance: proc:U1|regn:reg_2 ;
+----------------+-------+----------------------------------------+
; Parameter Name ; Value ; Type                                   ;
+----------------+-------+----------------------------------------+
; n              ; 16    ; Signed Integer                         ;
+----------------+-------+----------------------------------------+
Note: In order to hide this table in the UI and the text report file, please set the "Show Parameter Settings in Synthesis Report" option in "Analysis and Synthesis Settings -> More Settings" to "Off".


+-----------------------------------------------------------------+
; Parameter Settings for User Entity Instance: proc:U1|regn:reg_3 ;
+----------------+-------+----------------------------------------+
; Parameter Name ; Value ; Type                                   ;
+----------------+-------+----------------------------------------+
; n              ; 16    ; Signed Integer                         ;
+----------------+-------+----------------------------------------+
Note: In order to hide this table in the UI and the text report file, please set the "Show Parameter Settings in Synthesis Report" option in "Analysis and Synthesis Settings -> More Settings" to "Off".


+-----------------------------------------------------------------+
; Parameter Settings for User Entity Instance: proc:U1|regn:reg_4 ;
+----------------+-------+----------------------------------------+
; Parameter Name ; Value ; Type                                   ;
+----------------+-------+----------------------------------------+
; n              ; 16    ; Signed Integer                         ;
+----------------+-------+----------------------------------------+
Note: In order to hide this table in the UI and the text report file, please set the "Show Parameter Settings in Synthesis Report" option in "Analysis and Synthesis Settings -> More Settings" to "Off".


+-----------------------------------------------------------------+
; Parameter Settings for User Entity Instance: proc:U1|regn:reg_5 ;
+----------------+-------+----------------------------------------+
; Parameter Name ; Value ; Type                                   ;
+----------------+-------+----------------------------------------+
; n              ; 16    ; Signed Integer                         ;
+----------------+-------+----------------------------------------+
Note: In order to hide this table in the UI and the text report file, please set the "Show Parameter Settings in Synthesis Report" option in "Analysis and Synthesis Settings -> More Settings" to "Off".


+-----------------------------------------------------------------+
; Parameter Settings for User Entity Instance: proc:U1|regn:reg_6 ;
+----------------+-------+----------------------------------------+
; Parameter Name ; Value ; Type                                   ;
+----------------+-------+----------------------------------------+
; n              ; 16    ; Signed Integer                         ;
+----------------+-------+----------------------------------------+
Note: In order to hide this table in the UI and the text report file, please set the "Show Parameter Settings in Synthesis Report" option in "Analysis and Synthesis Settings -> More Settings" to "Off".


+-----------------------------------------------------------------+
; Parameter Settings for User Entity Instance: proc:U1|regn:reg_7 ;
+----------------+-------+----------------------------------------+
; Parameter Name ; Value ; Type                                   ;
+----------------+-------+----------------------------------------+
; n              ; 16    ; Signed Integer                         ;
+----------------+-------+----------------------------------------+
Note: In order to hide this table in the UI and the text report file, please set the "Show Parameter Settings in Synthesis Report" option in "Analysis and Synthesis Settings -> More Settings" to "Off".


+-----------------------------------------------------------------+
; Parameter Settings for User Entity Instance: proc:U1|regn:reg_A ;
+----------------+-------+----------------------------------------+
; Parameter Name ; Value ; Type                                   ;
+----------------+-------+----------------------------------------+
; n              ; 16    ; Signed Integer                         ;
+----------------+-------+----------------------------------------+
Note: In order to hide this table in the UI and the text report file, please set the "Show Parameter Settings in Synthesis Report" option in "Analysis and Synthesis Settings -> More Settings" to "Off".


+------------------------------------------------------------------+
; Parameter Settings for User Entity Instance: proc:U1|regn:reg_IR ;
+----------------+-------+-----------------------------------------+
; Parameter Name ; Value ; Type                                    ;
+----------------+-------+-----------------------------------------+
; n              ; 16    ; Signed Integer                          ;
+----------------+-------+-----------------------------------------+
Note: In order to hide this table in the UI and the text report file, please set the "Show Parameter Settings in Synthesis Report" option in "Analysis and Synthesis Settings -> More Settings" to "Off".


+-----------------------------------------------------------------+
; Parameter Settings for User Entity Instance: proc:U1|regn:reg_G ;
+----------------+-------+----------------------------------------+
; Parameter Name ; Value ; Type                                   ;
+----------------+-------+----------------------------------------+
; n              ; 16    ; Signed Integer                         ;
+----------------+-------+----------------------------------------+
Note: In order to hide this table in the UI and the text report file, please set the "Show Parameter Settings in Synthesis Report" option in "Analysis and Synthesis Settings -> More Settings" to "Off".


+------------------------------------------------------------------------------------------+
; Parameter Settings for User Entity Instance: inst_mem:U2|altsyncram:altsyncram_component ;
+------------------------------------+----------------------+------------------------------+
; Parameter Name                     ; Value                ; Type                         ;
+------------------------------------+----------------------+------------------------------+
; BYTE_SIZE_BLOCK                    ; 8                    ; Untyped                      ;
; AUTO_CARRY_CHAINS                  ; ON                   ; AUTO_CARRY                   ;
; IGNORE_CARRY_BUFFERS               ; OFF                  ; IGNORE_CARRY                 ;
; AUTO_CASCADE_CHAINS                ; ON                   ; AUTO_CASCADE                 ;
; IGNORE_CASCADE_BUFFERS             ; OFF                  ; IGNORE_CASCADE               ;
; WIDTH_BYTEENA                      ; 1                    ; Untyped                      ;
; OPERATION_MODE                     ; ROM                  ; Untyped                      ;
; WIDTH_A                            ; 16                   ; Signed Integer               ;
; WIDTHAD_A                          ; 5                    ; Signed Integer               ;
; NUMWORDS_A                         ; 32                   ; Signed Integer               ;
; OUTDATA_REG_A                      ; UNREGISTERED         ; Untyped                      ;
; ADDRESS_ACLR_A                     ; NONE                 ; Untyped                      ;
; OUTDATA_ACLR_A                     ; NONE                 ; Untyped                      ;
; WRCONTROL_ACLR_A                   ; NONE                 ; Untyped                      ;
; INDATA_ACLR_A                      ; NONE                 ; Untyped                      ;
; BYTEENA_ACLR_A                     ; NONE                 ; Untyped                      ;
; WIDTH_B                            ; 1                    ; Untyped                      ;
; WIDTHAD_B                          ; 1                    ; Untyped                      ;
; NUMWORDS_B                         ; 1                    ; Untyped                      ;
; INDATA_REG_B                       ; CLOCK1               ; Untyped                      ;
; WRCONTROL_WRADDRESS_REG_B          ; CLOCK1               ; Untyped                      ;
; RDCONTROL_REG_B                    ; CLOCK1               ; Untyped                      ;
; ADDRESS_REG_B                      ; CLOCK1               ; Untyped                      ;
; OUTDATA_REG_B                      ; UNREGISTERED         ; Untyped                      ;
; BYTEENA_REG_B                      ; CLOCK1               ; Untyped                      ;
; INDATA_ACLR_B                      ; NONE                 ; Untyped                      ;
; WRCONTROL_ACLR_B                   ; NONE                 ; Untyped                      ;
; ADDRESS_ACLR_B                     ; NONE                 ; Untyped                      ;
; OUTDATA_ACLR_B                     ; NONE                 ; Untyped                      ;
; RDCONTROL_ACLR_B                   ; NONE                 ; Untyped                      ;
; BYTEENA_ACLR_B                     ; NONE                 ; Untyped                      ;
; WIDTH_BYTEENA_A                    ; 1                    ; Signed Integer               ;
; WIDTH_BYTEENA_B                    ; 1                    ; Untyped                      ;
; RAM_BLOCK_TYPE                     ; AUTO                 ; Untyped                      ;
; BYTE_SIZE                          ; 8                    ; Untyped                      ;
; READ_DURING_WRITE_MODE_MIXED_PORTS ; DONT_CARE            ; Untyped                      ;
; READ_DURING_WRITE_MODE_PORT_A      ; NEW_DATA_NO_NBE_READ ; Untyped                      ;
; READ_DURING_WRITE_MODE_PORT_B      ; NEW_DATA_NO_NBE_READ ; Untyped                      ;
; INIT_FILE                          ; inst_mem.mif         ; Untyped                      ;
; INIT_FILE_LAYOUT                   ; PORT_A               ; Untyped                      ;
; MAXIMUM_DEPTH                      ; 0                    ; Untyped                      ;
; CLOCK_ENABLE_INPUT_A               ; BYPASS               ; Untyped                      ;
; CLOCK_ENABLE_INPUT_B               ; NORMAL               ; Untyped                      ;
; CLOCK_ENABLE_OUTPUT_A              ; BYPASS               ; Untyped                      ;
; CLOCK_ENABLE_OUTPUT_B              ; NORMAL               ; Untyped                      ;
; CLOCK_ENABLE_CORE_A                ; USE_INPUT_CLKEN      ; Untyped                      ;
; CLOCK_ENABLE_CORE_B                ; USE_INPUT_CLKEN      ; Untyped                      ;
; ENABLE_ECC                         ; FALSE                ; Untyped                      ;
; ECC_PIPELINE_STAGE_ENABLED         ; FALSE                ; Untyped                      ;
; WIDTH_ECCSTATUS                    ; 3                    ; Untyped                      ;
; DEVICE_FAMILY                      ; Cyclone V            ; Untyped                      ;
; CBXI_PARAMETER                     ; altsyncram_lbg1      ; Untyped                      ;
+------------------------------------+----------------------+------------------------------+
Note: In order to hide this table in the UI and the text report file, please set the "Show Parameter Settings in Synthesis Report" option in "Analysis and Synthesis Settings -> More Settings" to "Off".


+-----------------------------------------------------------------------------------------+
; altsyncram Parameter Settings by Entity Instance                                        ;
+-------------------------------------------+---------------------------------------------+
; Name                                      ; Value                                       ;
+-------------------------------------------+---------------------------------------------+
; Number of entity instances                ; 1                                           ;
; Entity Instance                           ; inst_mem:U2|altsyncram:altsyncram_component ;
;     -- OPERATION_MODE                     ; ROM                                         ;
;     -- WIDTH_A                            ; 16                                          ;
;     -- NUMWORDS_A                         ; 32                                          ;
;     -- OUTDATA_REG_A                      ; UNREGISTERED                                ;
;     -- WIDTH_B                            ; 1                                           ;
;     -- NUMWORDS_B                         ; 1                                           ;
;     -- ADDRESS_REG_B                      ; CLOCK1                                      ;
;     -- OUTDATA_REG_B                      ; UNREGISTERED                                ;
;     -- RAM_BLOCK_TYPE                     ; AUTO                                        ;
;     -- READ_DURING_WRITE_MODE_MIXED_PORTS ; DONT_CARE                                   ;
+-------------------------------------------+---------------------------------------------+


+-----------------------------------------------------+
; Post-Synthesis Netlist Statistics for Top Partition ;
+-----------------------+-----------------------------+
; Type                  ; Count                       ;
+-----------------------+-----------------------------+
; arriav_ff             ; 11                          ;
;     CLR               ; 5                           ;
;     ENA               ; 2                           ;
;     plain             ; 4                           ;
; arriav_lcell_comb     ; 12                          ;
;     normal            ; 12                          ;
;         0 data inputs ; 1                           ;
;         1 data inputs ; 2                           ;
;         2 data inputs ; 2                           ;
;         3 data inputs ; 2                           ;
;         4 data inputs ; 2                           ;
;         5 data inputs ; 2                           ;
;         6 data inputs ; 1                           ;
; boundary_port         ; 22                          ;
; stratixv_ram_block    ; 2                           ;
;                       ;                             ;
; Max LUT depth         ; 2.00                        ;
; Average LUT depth     ; 1.07                        ;
+-----------------------+-----------------------------+


+-------------------------------+
; Elapsed Time Per Partition    ;
+----------------+--------------+
; Partition Name ; Elapsed Time ;
+----------------+--------------+
; Top            ; 00:00:01     ;
+----------------+--------------+


+-------------------------------+
; Analysis & Synthesis Messages ;
+-------------------------------+
Info: *******************************************************************
Info: Running Quartus Prime Analysis & Synthesis
    Info: Version 18.1.0 Build 625 09/12/2018 SJ Lite Edition
    Info: Processing started: Mon Jan 27 17:55:57 2020
Info: Command: quartus_map --read_settings_files=on --write_settings_files=off part2 -c part2
Warning (18236): Number of processors has not been specified which may cause overloading on shared machines.  Set the global assignment NUM_PARALLEL_PROCESSORS in your QSF to an appropriate value for best performance.
Info (20030): Parallel compilation is enabled and will use 6 of the 6 processors detected
Info (12021): Found 3 design units, including 3 entities, in source file proc.v
    Info (12023): Found entity 1: proc File: E:/Projects/ECE243/Lab1/part2.Verilog/proc.v Line: 3
    Info (12023): Found entity 2: dec3to8 File: E:/Projects/ECE243/Lab1/part2.Verilog/proc.v Line: 169
    Info (12023): Found entity 3: regn File: E:/Projects/ECE243/Lab1/part2.Verilog/proc.v Line: 187
Info (12021): Found 2 design units, including 2 entities, in source file part2.v
    Info (12023): Found entity 1: part2 File: E:/Projects/ECE243/Lab1/part2.Verilog/part2.v Line: 6
    Info (12023): Found entity 2: count5 File: E:/Projects/ECE243/Lab1/part2.Verilog/part2.v Line: 28
Info (12021): Found 1 design units, including 1 entities, in source file inst_mem.v
    Info (12023): Found entity 1: inst_mem File: E:/Projects/ECE243/Lab1/part2.Verilog/inst_mem.v Line: 39
Info (12127): Elaborating entity "part2" for the top level hierarchy
Warning (10034): Output port "LEDR[8..1]" at part2.v(9) has no driver File: E:/Projects/ECE243/Lab1/part2.Verilog/part2.v Line: 9
Info (12128): Elaborating entity "proc" for hierarchy "proc:U1" File: E:/Projects/ECE243/Lab1/part2.Verilog/part2.v Line: 20
Warning (10240): Verilog HDL Always Construct warning at proc.v(68): inferring latch(es) for variable "Sel", which holds its previous value in one or more paths through the always construct File: E:/Projects/ECE243/Lab1/part2.Verilog/proc.v Line: 68
Warning (10270): Verilog HDL Case Statement warning at proc.v(153): incomplete case statement has no default case item File: E:/Projects/ECE243/Lab1/part2.Verilog/proc.v Line: 153
Warning (10240): Verilog HDL Always Construct warning at proc.v(153): inferring latch(es) for variable "BusWires", which holds its previous value in one or more paths through the always construct File: E:/Projects/ECE243/Lab1/part2.Verilog/proc.v Line: 153
Info (10041): Inferred latch for "BusWires[0]" at proc.v(153) File: E:/Projects/ECE243/Lab1/part2.Verilog/proc.v Line: 153
Info (10041): Inferred latch for "BusWires[1]" at proc.v(153) File: E:/Projects/ECE243/Lab1/part2.Verilog/proc.v Line: 153
Info (10041): Inferred latch for "BusWires[2]" at proc.v(153) File: E:/Projects/ECE243/Lab1/part2.Verilog/proc.v Line: 153
Info (10041): Inferred latch for "BusWires[3]" at proc.v(153) File: E:/Projects/ECE243/Lab1/part2.Verilog/proc.v Line: 153
Info (10041): Inferred latch for "BusWires[4]" at proc.v(153) File: E:/Projects/ECE243/Lab1/part2.Verilog/proc.v Line: 153
Info (10041): Inferred latch for "BusWires[5]" at proc.v(153) File: E:/Projects/ECE243/Lab1/part2.Verilog/proc.v Line: 153
Info (10041): Inferred latch for "BusWires[6]" at proc.v(153) File: E:/Projects/ECE243/Lab1/part2.Verilog/proc.v Line: 153
Info (10041): Inferred latch for "BusWires[7]" at proc.v(153) File: E:/Projects/ECE243/Lab1/part2.Verilog/proc.v Line: 153
Info (10041): Inferred latch for "BusWires[8]" at proc.v(153) File: E:/Projects/ECE243/Lab1/part2.Verilog/proc.v Line: 153
Info (10041): Inferred latch for "BusWires[9]" at proc.v(153) File: E:/Projects/ECE243/Lab1/part2.Verilog/proc.v Line: 153
Info (10041): Inferred latch for "BusWires[10]" at proc.v(153) File: E:/Projects/ECE243/Lab1/part2.Verilog/proc.v Line: 153
Info (10041): Inferred latch for "BusWires[11]" at proc.v(153) File: E:/Projects/ECE243/Lab1/part2.Verilog/proc.v Line: 153
Info (10041): Inferred latch for "BusWires[12]" at proc.v(153) File: E:/Projects/ECE243/Lab1/part2.Verilog/proc.v Line: 153
Info (10041): Inferred latch for "BusWires[13]" at proc.v(153) File: E:/Projects/ECE243/Lab1/part2.Verilog/proc.v Line: 153
Info (10041): Inferred latch for "BusWires[14]" at proc.v(153) File: E:/Projects/ECE243/Lab1/part2.Verilog/proc.v Line: 153
Info (10041): Inferred latch for "BusWires[15]" at proc.v(153) File: E:/Projects/ECE243/Lab1/part2.Verilog/proc.v Line: 153
Info (10041): Inferred latch for "Sel[0]" at proc.v(68) File: E:/Projects/ECE243/Lab1/part2.Verilog/proc.v Line: 68
Info (10041): Inferred latch for "Sel[1]" at proc.v(68) File: E:/Projects/ECE243/Lab1/part2.Verilog/proc.v Line: 68
Info (10041): Inferred latch for "Sel[2]" at proc.v(68) File: E:/Projects/ECE243/Lab1/part2.Verilog/proc.v Line: 68
Info (10041): Inferred latch for "Sel[3]" at proc.v(68) File: E:/Projects/ECE243/Lab1/part2.Verilog/proc.v Line: 68
Info (12128): Elaborating entity "dec3to8" for hierarchy "proc:U1|dec3to8:decX" File: E:/Projects/ECE243/Lab1/part2.Verilog/proc.v Line: 25
Info (12128): Elaborating entity "regn" for hierarchy "proc:U1|regn:reg_0" File: E:/Projects/ECE243/Lab1/part2.Verilog/proc.v Line: 131
Info (12128): Elaborating entity "inst_mem" for hierarchy "inst_mem:U2" File: E:/Projects/ECE243/Lab1/part2.Verilog/part2.v Line: 24
Info (12128): Elaborating entity "altsyncram" for hierarchy "inst_mem:U2|altsyncram:altsyncram_component" File: E:/Projects/ECE243/Lab1/part2.Verilog/inst_mem.v Line: 81
Info (12130): Elaborated megafunction instantiation "inst_mem:U2|altsyncram:altsyncram_component" File: E:/Projects/ECE243/Lab1/part2.Verilog/inst_mem.v Line: 81
Info (12133): Instantiated megafunction "inst_mem:U2|altsyncram:altsyncram_component" with the following parameter: File: E:/Projects/ECE243/Lab1/part2.Verilog/inst_mem.v Line: 81
    Info (12134): Parameter "address_aclr_a" = "NONE"
    Info (12134): Parameter "clock_enable_input_a" = "BYPASS"
    Info (12134): Parameter "clock_enable_output_a" = "BYPASS"
    Info (12134): Parameter "init_file" = "inst_mem.mif"
    Info (12134): Parameter "intended_device_family" = "Cyclone V"
    Info (12134): Parameter "lpm_hint" = "ENABLE_RUNTIME_MOD=NO"
    Info (12134): Parameter "lpm_type" = "altsyncram"
    Info (12134): Parameter "numwords_a" = "32"
    Info (12134): Parameter "operation_mode" = "ROM"
    Info (12134): Parameter "outdata_aclr_a" = "NONE"
    Info (12134): Parameter "outdata_reg_a" = "UNREGISTERED"
    Info (12134): Parameter "widthad_a" = "5"
    Info (12134): Parameter "width_a" = "16"
    Info (12134): Parameter "width_byteena_a" = "1"
Info (12021): Found 1 design units, including 1 entities, in source file db/altsyncram_lbg1.tdf
    Info (12023): Found entity 1: altsyncram_lbg1 File: E:/Projects/ECE243/Lab1/part2.Verilog/db/altsyncram_lbg1.tdf Line: 27
Info (12128): Elaborating entity "altsyncram_lbg1" for hierarchy "inst_mem:U2|altsyncram:altsyncram_component|altsyncram_lbg1:auto_generated" File: d:/intelfpga_lite/18.1/quartus/libraries/megafunctions/altsyncram.tdf Line: 791
Info (12128): Elaborating entity "count5" for hierarchy "count5:U3" File: E:/Projects/ECE243/Lab1/part2.Verilog/part2.v Line: 25
Warning (14284): Synthesized away the following node(s):
    Warning (14285): Synthesized away the following RAM node(s):
        Warning (14320): Synthesized away node "inst_mem:U2|altsyncram:altsyncram_component|altsyncram_lbg1:auto_generated|q_a[0]" File: E:/Projects/ECE243/Lab1/part2.Verilog/db/altsyncram_lbg1.tdf Line: 34
        Warning (14320): Synthesized away node "inst_mem:U2|altsyncram:altsyncram_component|altsyncram_lbg1:auto_generated|q_a[1]" File: E:/Projects/ECE243/Lab1/part2.Verilog/db/altsyncram_lbg1.tdf Line: 55
        Warning (14320): Synthesized away node "inst_mem:U2|altsyncram:altsyncram_component|altsyncram_lbg1:auto_generated|q_a[2]" File: E:/Projects/ECE243/Lab1/part2.Verilog/db/altsyncram_lbg1.tdf Line: 76
        Warning (14320): Synthesized away node "inst_mem:U2|altsyncram:altsyncram_component|altsyncram_lbg1:auto_generated|q_a[3]" File: E:/Projects/ECE243/Lab1/part2.Verilog/db/altsyncram_lbg1.tdf Line: 97
        Warning (14320): Synthesized away node "inst_mem:U2|altsyncram:altsyncram_component|altsyncram_lbg1:auto_generated|q_a[4]" File: E:/Projects/ECE243/Lab1/part2.Verilog/db/altsyncram_lbg1.tdf Line: 118
        Warning (14320): Synthesized away node "inst_mem:U2|altsyncram:altsyncram_component|altsyncram_lbg1:auto_generated|q_a[5]" File: E:/Projects/ECE243/Lab1/part2.Verilog/db/altsyncram_lbg1.tdf Line: 139
        Warning (14320): Synthesized away node "inst_mem:U2|altsyncram:altsyncram_component|altsyncram_lbg1:auto_generated|q_a[6]" File: E:/Projects/ECE243/Lab1/part2.Verilog/db/altsyncram_lbg1.tdf Line: 160
        Warning (14320): Synthesized away node "inst_mem:U2|altsyncram:altsyncram_component|altsyncram_lbg1:auto_generated|q_a[7]" File: E:/Projects/ECE243/Lab1/part2.Verilog/db/altsyncram_lbg1.tdf Line: 181
        Warning (14320): Synthesized away node "inst_mem:U2|altsyncram:altsyncram_component|altsyncram_lbg1:auto_generated|q_a[8]" File: E:/Projects/ECE243/Lab1/part2.Verilog/db/altsyncram_lbg1.tdf Line: 202
        Warning (14320): Synthesized away node "inst_mem:U2|altsyncram:altsyncram_component|altsyncram_lbg1:auto_generated|q_a[9]" File: E:/Projects/ECE243/Lab1/part2.Verilog/db/altsyncram_lbg1.tdf Line: 223
        Warning (14320): Synthesized away node "inst_mem:U2|altsyncram:altsyncram_component|altsyncram_lbg1:auto_generated|q_a[10]" File: E:/Projects/ECE243/Lab1/part2.Verilog/db/altsyncram_lbg1.tdf Line: 244
        Warning (14320): Synthesized away node "inst_mem:U2|altsyncram:altsyncram_component|altsyncram_lbg1:auto_generated|q_a[11]" File: E:/Projects/ECE243/Lab1/part2.Verilog/db/altsyncram_lbg1.tdf Line: 265
        Warning (14320): Synthesized away node "inst_mem:U2|altsyncram:altsyncram_component|altsyncram_lbg1:auto_generated|q_a[12]" File: E:/Projects/ECE243/Lab1/part2.Verilog/db/altsyncram_lbg1.tdf Line: 286
Warning (14284): Synthesized away the following node(s):
    Warning (14285): Synthesized away the following RAM node(s):
        Warning (14320): Synthesized away node "inst_mem:U2|altsyncram:altsyncram_component|altsyncram_lbg1:auto_generated|q_a[13]" File: E:/Projects/ECE243/Lab1/part2.Verilog/db/altsyncram_lbg1.tdf Line: 307
Warning (13024): Output pins are stuck at VCC or GND
    Warning (13410): Pin "LEDR[1]" is stuck at GND File: E:/Projects/ECE243/Lab1/part2.Verilog/part2.v Line: 9
    Warning (13410): Pin "LEDR[2]" is stuck at GND File: E:/Projects/ECE243/Lab1/part2.Verilog/part2.v Line: 9
    Warning (13410): Pin "LEDR[3]" is stuck at GND File: E:/Projects/ECE243/Lab1/part2.Verilog/part2.v Line: 9
    Warning (13410): Pin "LEDR[4]" is stuck at GND File: E:/Projects/ECE243/Lab1/part2.Verilog/part2.v Line: 9
    Warning (13410): Pin "LEDR[5]" is stuck at GND File: E:/Projects/ECE243/Lab1/part2.Verilog/part2.v Line: 9
    Warning (13410): Pin "LEDR[6]" is stuck at GND File: E:/Projects/ECE243/Lab1/part2.Verilog/part2.v Line: 9
    Warning (13410): Pin "LEDR[7]" is stuck at GND File: E:/Projects/ECE243/Lab1/part2.Verilog/part2.v Line: 9
    Warning (13410): Pin "LEDR[8]" is stuck at GND File: E:/Projects/ECE243/Lab1/part2.Verilog/part2.v Line: 9
Info (286030): Timing-Driven Synthesis is running
Info (17049): 4 registers lost all their fanouts during netlist optimizations.
Info (16010): Generating hard_block partition "hard_block:auto_generated_inst"
    Info (16011): Adding 0 node(s), including 0 DDIO, 0 PLL, 0 transceiver and 0 LCELL
Warning (21074): Design contains 8 input pin(s) that do not drive logic
    Warning (15610): No output dependent on input pin "SW[1]" File: E:/Projects/ECE243/Lab1/part2.Verilog/part2.v Line: 8
    Warning (15610): No output dependent on input pin "SW[2]" File: E:/Projects/ECE243/Lab1/part2.Verilog/part2.v Line: 8
    Warning (15610): No output dependent on input pin "SW[3]" File: E:/Projects/ECE243/Lab1/part2.Verilog/part2.v Line: 8
    Warning (15610): No output dependent on input pin "SW[4]" File: E:/Projects/ECE243/Lab1/part2.Verilog/part2.v Line: 8
    Warning (15610): No output dependent on input pin "SW[5]" File: E:/Projects/ECE243/Lab1/part2.Verilog/part2.v Line: 8
    Warning (15610): No output dependent on input pin "SW[6]" File: E:/Projects/ECE243/Lab1/part2.Verilog/part2.v Line: 8
    Warning (15610): No output dependent on input pin "SW[7]" File: E:/Projects/ECE243/Lab1/part2.Verilog/part2.v Line: 8
    Warning (15610): No output dependent on input pin "SW[8]" File: E:/Projects/ECE243/Lab1/part2.Verilog/part2.v Line: 8
Info (21057): Implemented 36 device resources after synthesis - the final resource count might be different
    Info (21058): Implemented 12 input pins
    Info (21059): Implemented 10 output pins
    Info (21061): Implemented 12 logic cells
    Info (21064): Implemented 2 RAM segments
Info: Quartus Prime Analysis & Synthesis was successful. 0 errors, 41 warnings
    Info: Peak virtual memory: 4867 megabytes
    Info: Processing ended: Mon Jan 27 17:56:28 2020
    Info: Elapsed time: 00:00:31
    Info: Total CPU time (on all processors): 00:01:07


